Arguments: 
  /Users/ahmedmu/.nvm/versions/node/v14.17.2/bin/node /usr/local/Cellar/yarn/1.22.5/libexec/bin/yarn.js install

PATH: 
  /Users/ahmedmu/.jenv/shims:/Users/ahmedmu/.rvm/gems/ruby-3.0.1/bin:/Users/ahmedmu/.rvm/gems/ruby-3.0.1@global/bin:/Users/ahmedmu/.rvm/rubies/ruby-3.0.1/bin:/Users/ahmedmu/.nvm/versions/node/v14.17.2/bin:/usr/local/bin:/usr/bin:/bin:/usr/sbin:/sbin:/usr/local/MacGPG2/bin:/Library/Apple/usr/bin:/Users/ahmedmu/.rvm/bin:/Users/ahmedmu/Library/Android/sdk/emulator:/Users/ahmedmu/Library/Android/sdk/tools:/Users/ahmedmu/Library/Android/sdk/tools/bin:/Users/ahmedmu/Library/Android/sdk/platform-tools:/Users/ahmedmu/.jenv/bin

Yarn version: 
  1.22.5

Node version: 
  14.17.2

Platform: 
  darwin x64

Trace: 
  Error: getaddrinfo ENOTFOUND art-bobcat.autodesk.com
      at GetAddrInfoReqWrap.onlookup [as oncomplete] (dns.js:69:26)

npm manifest: 
  {
    "main": "node_modules/expo/AppEntry.js",
    "scripts": {
      "start": "expo start",
      "android": "expo start --android",
      "ios": "expo start --ios",
      "web": "expo start --web",
      "eject": "expo eject",
      "test": "jest --watchAll"
    },
    "jest": {
      "preset": "jest-expo"
    },
    "dependencies": {
      "@expo/vector-icons": "^12.0.0",
      "@react-native-community/masked-view": "0.1.10",
      "@react-navigation/bottom-tabs": "5.11.2",
      "@react-navigation/native": "~5.8.10",
      "@react-navigation/stack": "~5.12.8",
      "expo": "~42.0.1",
      "expo-asset": "~8.3.2",
      "expo-constants": "~11.0.1",
      "expo-font": "~9.2.1",
      "expo-linking": "~2.3.1",
      "expo-splash-screen": "~0.11.2",
      "expo-status-bar": "~1.0.4",
      "expo-web-browser": "~9.2.0",
      "react": "16.13.1",
      "react-dom": "16.13.1",
      "react-native": "https://github.com/expo/react-native/archive/sdk-42.0.0.tar.gz",
      "react-native-reanimated": "~2.2.0",
      "react-native-gesture-handler": "~1.10.2",
      "react-native-safe-area-context": "3.2.0",
      "react-native-screens": "~3.4.0",
      "react-native-web": "~0.13.12"
    },
    "devDependencies": {
      "@babel/core": "^7.9.0",
      "@types/react": "~16.9.35",
      "@types/react-native": "~0.63.2",
      "jest-expo": "~41.0.0-beta.0",
      "typescript": "~4.0.0"
    },
    "private": true
  }

yarn manifest: 
  No manifest

Lockfile: 
  No lockfile
